<?xml version="1.0" encoding="UTF-8"?>
<!-- Generated by org.testng.reporters.JUnitReportReporter -->
<testsuite skipped="0" hostname="Gopi-PC" name="week3.day1" tests="1" failures="0" timestamp="21 Jul 2018 04:20:13 GMT" time="14.382" errors="0">
  <testcase name="testNg" time="14.382" classname="week3.day1"/>
</testsuite> <!-- week3.day1 -->
