<?xml version="1.0" encoding="UTF-8"?>
<!-- Generated by org.testng.reporters.JUnitReportReporter -->
<testsuite skipped="0" hostname="Gopi-PC" name="monday.Edit" tests="1" failures="0" timestamp="11 Aug 2018 11:51:20 GMT" time="46.323" errors="0">
  <testcase name="editLead" time="46.323" classname="monday.Edit"/>
</testsuite> <!-- monday.Edit -->
