<?xml version="1.0" encoding="UTF-8"?>
<!-- Generated by org.testng.reporters.JUnitReportReporter -->
<testsuite skipped="0" hostname="Gopi-PC" name="monday.CreateLeadTestCase" tests="1" failures="0" timestamp="21 Jul 2018 06:38:33 GMT" time="31.074" errors="0">
  <testcase name="createLead" time="31.074" classname="monday.CreateLeadTestCase"/>
</testsuite> <!-- monday.CreateLeadTestCase -->
