<?xml version="1.0" encoding="UTF-8"?>
<!-- Generated by org.testng.reporters.JUnitReportReporter -->
<testsuite skipped="0" hostname="Gopi-PC" name="week3day2.CreadLead" tests="1" failures="0" timestamp="22 Jul 2018 04:44:27 GMT" time="50.856" errors="0">
  <testcase name="createLead" time="50.856" classname="week3day2.CreadLead"/>
</testsuite> <!-- week3day2.CreadLead -->
